#
# There is insufficient memory for the Java Runtime Environment to continue.
# Native memory allocation (mmap) failed to map 2097152 bytes for G1 virtual space
# Possible reasons:
#   The system is out of physical RAM or swap space
#   The process is running with CompressedOops enabled, and the Java Heap may be blocking the growth of the native heap
# Possible solutions:
#   Reduce memory load on the system
#   Increase physical memory or swap space
#   Check if swap backing store is full
#   Decrease Java heap size (-Xmx/-Xms)
#   Decrease number of Java threads
#   Decrease Java thread stack sizes (-Xss)
#   Set larger code cache with -XX:ReservedCodeCacheSize=
#   JVM is running with Unscaled Compressed Oops mode in which the Java heap is
#     placed in the first 4GB address space. The Java Heap base address is the
#     maximum limit for the native heap growth. Please use -XX:HeapBaseMinAddress
#     to set the Java Heap base and to place the Java Heap above 4GB virtual address.
# This output file may be truncated or incomplete.
#
#  Out of Memory Error (./open/src/hotspot/os/windows/os_windows.cpp:3472), pid=7188, tid=12628
#
# JRE version:  (15.0+36) (build )
# Java VM: Java HotSpot(TM) 64-Bit Server VM (15+36-1562, mixed mode, sharing, tiered, compressed oops, g1 gc, windows-amd64)
# No core dump will be written. Minidumps are not enabled by default on client versions of Windows
#

---------------  S U M M A R Y ------------

Command Line: -Dfile.encoding=UTF-8 travel.tourism.management.system.ViewPackage

Host: Intel(R) Core(TM) i5-8250U CPU @ 1.60GHz, 8 cores, 7G,  Windows 10 , 64 bit Build 18362 (10.0.18362.900)
Time: Fri Dec 25 14:35:07 2020 Bangladesh Standard Time elapsed time: 1.328390 seconds (0d 0h 0m 1s)

---------------  T H R E A D  ---------------

Current thread (0x0000025bbd6321f0):  JavaThread "Unknown thread" [_thread_in_vm, id=12628, stack(0x0000007849400000,0x0000007849500000)]

Stack: [0x0000007849400000,0x0000007849500000]
Native frames: (J=compiled Java code, j=interpreted, Vv=VM code, C=native code)
V  [jvm.dll+0x629eaa]
V  [jvm.dll+0x780379]
V  [jvm.dll+0x781ad3]
V  [jvm.dll+0x782133]
V  [jvm.dll+0x2159d5]
V  [jvm.dll+0x627299]
V  [jvm.dll+0x61bdd5]
V  [jvm.dll+0x2cf96d]
V  [jvm.dll+0x2cf7d2]
V  [jvm.dll+0x2d57ac]
V  [jvm.dll+0x32524d]
V  [jvm.dll+0x324904]
V  [jvm.dll+0x2a68ea]
V  [jvm.dll+0x2a7a88]
V  [jvm.dll+0x75d0f1]
V  [jvm.dll+0x333af4]
V  [jvm.dll+0x73d816]
V  [jvm.dll+0x3b68e7]
V  [jvm.dll+0x3b8371]
C  [jli.dll+0x52fb]
C  [ucrtbase.dll+0x20e82]
C  [KERNEL32.DLL+0x17bd4]
C  [ntdll.dll+0x6ce51]


---------------  P R O C E S S  ---------------

Threads class SMR info:
_java_thread_list=0x00007ffb58cd2fa0, length=0, elements={
}

Java Threads: ( => current thread )

Other Threads:
  0x0000025bbd670e90 GCTaskThread "GC Thread#0" [stack: 0x0000007849500000,0x0000007849600000] [id=9256]
  0x0000025bbd682df0 ConcurrentGCThread "G1 Main Marker" [stack: 0x0000007849600000,0x0000007849700000] [id=16872]
  0x0000025bbd683a60 ConcurrentGCThread "G1 Conc#0" [stack: 0x0000007849700000,0x0000007849800000] [id=9320]

[error occurred during error reporting (printing all threads), id 0xc0000005, EXCEPTION_ACCESS_VIOLATION (0xc0000005) at pc=0x00007ffb584c77b7]

VM state: not at safepoint (not fully initialized)

VM Mutex/Monitor currently owned by a thread:  ([mutex/lock_event])
[0x0000025bbd62d050] Heap_lock - owner thread: 0x0000025bbd6321f0

Heap address: 0x0000000081c00000, size: 2020 MB, Compressed Oops mode: 32-bit
CDS archive(s) mapped at: [0x0000000000000000-0x0000000000000000-0x0000000000000000), size 0, SharedBaseAddress: 0x0000000800000000, ArchiveRelocationMode: 0.
Narrow klass base: 0x0000000000000000, Narrow klass shift: 0, Narrow klass range: 0x0

Heap:
 garbage-first heap   total 131072K, used 0K [0x0000000081c00000, 0x0000000100000000)
  region size 1024K, 0 young (0K), 0 survivors (0K)
 Metaspace       used 0K, capacity 0K, committed 0K, reserved 0K
  class space    used 0K, capacity 0K, committed 0K, reserved 0K

Heap Regions: E=young(eden), S=young(survivor), O=old, HS=humongous(starts), HC=humongous(continues), CS=collection set, F=free, OA=open archive, CA=closed archive, TAMS=top-at-mark-start (previous, next)

Card table byte_map: [0x0000025bd4f90000,0x0000025bd5390000] _byte_map_base: 0x0000025bd4b82000

Marking Bits (Prev, Next): (CMBitMap*) 0x0000025bbd672710, (CMBitMap*) 0x0000025bbd672750
 Prev Bits: [0x0000025bd5790000, 0x0000025bd7720000)
 Next Bits: [0x0000025bd7720000, 0x0000025bd96b0000)

GC Heap History (0 events):
No events

Deoptimization events (0 events):
No events

Classes unloaded (0 events):
No events

Classes redefined (0 events):
No events

Internal exceptions (0 events):
No events

Events (1 events):
Event: 0.011 Loaded shared library C:\Program Files\Java\jdk-15\bin\java.dll


Dynamic libraries:
0x00007ff6caa60000 - 0x00007ff6caa6f000 	C:\Program Files\Java\jdk-15\bin\java.exe
0x00007ffba3300000 - 0x00007ffba34f0000 	C:\Windows\SYSTEM32\ntdll.dll
0x00007ffba2dd0000 - 0x00007ffba2e82000 	C:\Windows\System32\KERNEL32.DLL
0x00007ffba05c0000 - 0x00007ffba0864000 	C:\Windows\System32\KERNELBASE.dll
0x00007ffba04c0000 - 0x00007ffba05ba000 	C:\Windows\System32\ucrtbase.dll
0x00007ffb8b4b0000 - 0x00007ffb8b4c9000 	C:\Program Files\Java\jdk-15\bin\VCRUNTIME140.dll
0x00007ffb8cea0000 - 0x00007ffb8ceb8000 	C:\Program Files\Java\jdk-15\bin\jli.dll
0x00007ffba1620000 - 0x00007ffba16c3000 	C:\Windows\System32\ADVAPI32.dll
0x00007ffba1e90000 - 0x00007ffba1f2e000 	C:\Windows\System32\msvcrt.dll
0x00007ffba2960000 - 0x00007ffba29f7000 	C:\Windows\System32\sechost.dll
0x00007ffba1f30000 - 0x00007ffba2050000 	C:\Windows\System32\RPCRT4.dll
0x00007ffba27c0000 - 0x00007ffba2954000 	C:\Windows\System32\USER32.dll
0x00007ffba0340000 - 0x00007ffba0361000 	C:\Windows\System32\win32u.dll
0x00007ffba1810000 - 0x00007ffba1836000 	C:\Windows\System32\GDI32.dll
0x00007ffba0990000 - 0x00007ffba0b25000 	C:\Windows\System32\gdi32full.dll
0x00007ffba08f0000 - 0x00007ffba098e000 	C:\Windows\System32\msvcp_win.dll
0x00007ffb8a310000 - 0x00007ffb8a594000 	C:\Windows\WinSxS\amd64_microsoft.windows.common-controls_6595b64144ccf1df_6.0.18362.900_none_e6beb9d913147d17\COMCTL32.dll
0x00007ffba2f80000 - 0x00007ffba32b5000 	C:\Windows\System32\combase.dll
0x00007ffba0870000 - 0x00007ffba08f0000 	C:\Windows\System32\bcryptPrimitives.dll
0x00007ffb97fe0000 - 0x00007ffb97fea000 	C:\Windows\SYSTEM32\VERSION.dll
0x00007ffba2da0000 - 0x00007ffba2dce000 	C:\Windows\System32\IMM32.DLL
0x00007ffb9d100000 - 0x00007ffb9d10c000 	C:\Program Files\Java\jdk-15\bin\vcruntime140_1.dll
0x00007ffb6eb10000 - 0x00007ffb6eba1000 	C:\Program Files\Java\jdk-15\bin\msvcp140.dll
0x00007ffb58210000 - 0x00007ffb58d6c000 	C:\Program Files\Java\jdk-15\bin\server\jvm.dll
0x00007ffba2a70000 - 0x00007ffba2a78000 	C:\Windows\System32\PSAPI.DLL
0x00007ffb9dfc0000 - 0x00007ffb9dfe4000 	C:\Windows\SYSTEM32\WINMM.dll
0x00007ffb918d0000 - 0x00007ffb918d9000 	C:\Windows\SYSTEM32\WSOCK32.dll
0x00007ffba2a00000 - 0x00007ffba2a6f000 	C:\Windows\System32\WS2_32.dll
0x00007ffb9df90000 - 0x00007ffb9dfbd000 	C:\Windows\SYSTEM32\winmmbase.dll
0x00007ffba0b30000 - 0x00007ffba0b7a000 	C:\Windows\System32\cfgmgr32.dll
0x00007ffba0220000 - 0x00007ffba0231000 	C:\Windows\System32\kernel.appcore.dll
0x00007ffb99a70000 - 0x00007ffb99a7a000 	C:\Program Files\Java\jdk-15\bin\jimage.dll
0x00007ffb9e190000 - 0x00007ffb9e384000 	C:\Windows\SYSTEM32\DBGHELP.DLL
0x00007ffb8c6c0000 - 0x00007ffb8c6ea000 	C:\Windows\SYSTEM32\dbgcore.DLL
0x00007ffb88b10000 - 0x00007ffb88b35000 	C:\Program Files\Java\jdk-15\bin\java.dll

dbghelp: loaded successfully - version: 4.0.5 - missing functions: none
symbol engine: initialized successfully - sym options: 0x614 - pdb path: .;C:\Program Files\Java\jdk-15\bin;C:\Windows\SYSTEM32;C:\Windows\WinSxS\amd64_microsoft.windows.common-controls_6595b64144ccf1df_6.0.18362.900_none_e6beb9d913147d17;C:\Program Files\Java\jdk-15\bin\server

VM Arguments:
jvm_args: -Dfile.encoding=UTF-8 
java_command: travel.tourism.management.system.ViewPackage
java_class_path (initial): C:\Users\ASUS\Downloads;C:\Firefox\mysql-connector-java-5.1.49;C:\Firefox\mysql-connector-java-5.1.49\mysql-connector-java-5.1.49.jar;C:\Users\ASUS\OneDrive\Documents\NetBeansProjects\Travel & Tourism Management System\build\classes
Launcher Type: SUN_STANDARD

[Global flags]
     intx CICompilerCount                          = 4                                         {product} {ergonomic}
     uint ConcGCThreads                            = 2                                         {product} {ergonomic}
     uint G1ConcRefinementThreads                  = 8                                         {product} {ergonomic}
   size_t G1HeapRegionSize                         = 1048576                                   {product} {ergonomic}
    uintx GCDrainStackTargetSize                   = 64                                        {product} {ergonomic}
   size_t InitialHeapSize                          = 134217728                                 {product} {ergonomic}
   size_t MarkStackSize                            = 4194304                                   {product} {ergonomic}
   size_t MaxHeapSize                              = 2118123520                                {product} {ergonomic}
   size_t MinHeapDeltaBytes                        = 1048576                                   {product} {ergonomic}
   size_t MinHeapSize                              = 8388608                                   {product} {ergonomic}
    uintx NonNMethodCodeHeapSize                   = 5839372                                {pd product} {ergonomic}
    uintx NonProfiledCodeHeapSize                  = 122909434                              {pd product} {ergonomic}
    uintx ProfiledCodeHeapSize                     = 122909434                              {pd product} {ergonomic}
    uintx ReservedCodeCacheSize                    = 251658240                              {pd product} {ergonomic}
     bool SegmentedCodeCache                       = true                                      {product} {ergonomic}
   size_t SoftMaxHeapSize                          = 2118123520                             {manageable} {ergonomic}
     bool UseCompressedClassPointers               = true                                 {lp64_product} {ergonomic}
     bool UseCompressedOops                        = true                                 {lp64_product} {ergonomic}
     bool UseG1GC                                  = true                                      {product} {ergonomic}
     bool UseLargePagesIndividualAllocation        = false                                  {pd product} {ergonomic}

Logging:
Log output configuration:
 #0: stdout all=warning uptime,level,tags
 #1: stderr all=off uptime,level,tags

Environment Variables:
PATH=C:\Program Files\Common Files\Oracle\Java\javapath;C:\Windows\system32;C:\Windows;C:\Windows\System32\Wbem;C:\Windows\System32\WindowsPowerShell\v1.0\;C:\Windows\System32\OpenSSH\;C:\Program Files\MySQL\MySQL Server 5.5\bin;C:\Users\ASUS\AppData\Local\Microsoft\WindowsApps;
USERNAME=ASUS
OS=Windows_NT
PROCESSOR_IDENTIFIER=Intel64 Family 6 Model 142 Stepping 10, GenuineIntel



---------------  S Y S T E M  ---------------

OS:
 Windows 10 , 64 bit Build 18362 (10.0.18362.900)
OS uptime: 1 days 18:11 hours

CPU: total 8 (initial active 8) (4 cores per cpu, 2 threads per core) family 6 model 142 stepping 10, cmov, cx8, fxsr, mmx, sse, sse2, sse3, ssse3, sse4.1, sse4.2, popcnt, vzeroupper, avx, avx2, aes, clmul, erms, 3dnowpref, lzcnt, ht, tsc, tscinvbit, bmi1, bmi2, adx, fma, clflush, clflushopt

Memory: 4k page, system-wide physical 8078M (612M free)
TotalPageFile size 20878M (AvailPageFile size 42M)
current process WorkingSet (physical memory assigned to process): 10M, peak: 10M
current process commit charge ("private bytes"): 188M, peak: 190M

vm_info: Java HotSpot(TM) 64-Bit Server VM (15+36-1562) for windows-amd64 JRE (15+36-1562), built on Aug 11 2020 22:38:02 by "mach5one" with unknown MS VC++:1925

END.
